<?xml version="1.0" encoding="UTF-8"?>
<testng-results skipped="0" failed="0" total="1" passed="1">
  <reporter-output>
  </reporter-output>
  <suite name="Default suite" duration-ms="11042" started-at="2017-11-03T11:05:29Z" finished-at="2017-11-03T11:05:40Z">
    <groups>
    </groups>
    <test name="Default test" duration-ms="11042" started-at="2017-11-03T11:05:29Z" finished-at="2017-11-03T11:05:40Z">
      <class name="UserRegistrationForm.CreateUser">
        <test-method status="PASS" signature="testRegistrationForm()[pri:0, instance:UserRegistrationForm.CreateUser@735b478]" name="testRegistrationForm" duration-ms="11030" started-at="2017-11-03T16:35:29Z" finished-at="2017-11-03T16:35:40Z">
          <reporter-output>
          </reporter-output>
        </test-method> <!-- testRegistrationForm -->
      </class> <!-- UserRegistrationForm.CreateUser -->
    </test> <!-- Default test -->
  </suite> <!-- Default suite -->
</testng-results>
